<?xml version="1.0" encoding="UTF-8"?>
<!-- Generated by org.testng.reporters.JUnitReportReporter -->
<testsuite hostname="Mypc" name="day14.userlogin" tests="1" failures="0" timestamp="4 Mar 2016 01:16:22 GMT" time="0.001" errors="0">
  <testcase name="login" time="0.001" classname="day14.userlogin"/>
</testsuite> <!-- day14.userlogin -->
