<?xml version="1.0" encoding="UTF-8"?>
<!-- Generated by org.testng.reporters.JUnitReportReporter -->
<testsuite hostname="Mypc" name="day13.Testng" tests="2" failures="0" timestamp="4 Mar 2016 01:26:39 GMT" time="0.025" errors="0">
  <testcase name="a" time="0.003" classname="day13.Testng"/>
  <testcase name="function1" time="0.022" classname="day13.Testng"/>
</testsuite> <!-- day13.Testng -->
