<?xml version="1.0" encoding="UTF-8"?>
<!-- Generated by org.testng.reporters.JUnitReportReporter -->
<testsuite hostname="Mypc" name="day15.dataprovider" tests="2" failures="0" timestamp="4 Mar 2016 01:24:01 GMT" time="0.072" errors="0">
  <testcase name="loginTest" time="0.008" classname="day15.dataprovider"/>
  <testcase name="loginTest" time="0.064" classname="day15.dataprovider"/>
</testsuite> <!-- day15.dataprovider -->
