<?xml version="1.0" encoding="UTF-8"?>
<!-- Generated by org.testng.reporters.JUnitReportReporter -->
<testsuite hostname="Mypc" name="day14.usereg" tests="1" failures="0" timestamp="4 Mar 2016 01:16:22 GMT" time="0.002" errors="0">
  <testcase name="userregtest" time="0.002" classname="day14.usereg"/>
</testsuite> <!-- day14.usereg -->
