<?xml version="1.0" encoding="UTF-8"?>
<!-- Generated by org.testng.reporters.JUnitReportReporter -->
<testsuite hostname="Mypc" name="day14.empReg" tests="1" failures="0" timestamp="4 Mar 2016 01:16:22 GMT" time="10.324" errors="0">
  <testcase name="empregtest" time="10.324" classname="day14.empReg"/>
</testsuite> <!-- day14.empReg -->
